<?xml version="1.0" encoding="UTF-8"?>
<!-- Generated by org.testng.reporters.JUnitXMLReporter -->
<testsuite hostname="KARANAM-PC" ignored="0" name="Default test" tests="25" failures="0" timestamp="23 May 2020 04:41:49 GMT" time="0.208" errors="0">
  <testcase name="test_dp_01" time="0.013" classname="automation.hrm.DataProviderDemo"/>
  <testcase name="test_dp_01" time="0.003" classname="automation.hrm.DataProviderDemo"/>
  <testcase name="test_dp_01" time="0.005" classname="automation.hrm.DataProviderDemo"/>
  <testcase name="test_dp_01" time="0.003" classname="automation.hrm.DataProviderDemo"/>
  <testcase name="test_dp_01" time="0.004" classname="automation.hrm.DataProviderDemo"/>
  <testcase name="test_dp_01" time="0.003" classname="automation.hrm.DataProviderDemo"/>
  <testcase name="test_dp_01" time="0.004" classname="automation.hrm.DataProviderDemo"/>
  <testcase name="test_dp_01" time="0.003" classname="automation.hrm.DataProviderDemo"/>
  <testcase name="test_dp_01" time="0.004" classname="automation.hrm.DataProviderDemo"/>
  <testcase name="test_dp_01" time="0.003" classname="automation.hrm.DataProviderDemo"/>
  <testcase name="test_dp_01" time="0.006" classname="automation.hrm.DataProviderDemo"/>
  <testcase name="test_dp_01" time="0.002" classname="automation.hrm.DataProviderDemo"/>
  <testcase name="test_dp_01" time="0.001" classname="automation.hrm.DataProviderDemo"/>
  <testcase name="test_dp_01" time="0.002" classname="automation.hrm.DataProviderDemo"/>
  <testcase name="test_dp_01" time="0.002" classname="automation.hrm.DataProviderDemo"/>
  <testcase name="test_dp_02" time="0.001" classname="automation.hrm.DataProviderDemo"/>
  <testcase name="test_dp_02" time="0.003" classname="automation.hrm.DataProviderDemo"/>
  <testcase name="test_dp_02" time="0.004" classname="automation.hrm.DataProviderDemo"/>
  <testcase name="test_dp_02" time="0.003" classname="automation.hrm.DataProviderDemo"/>
  <testcase name="test_dp_02" time="0.002" classname="automation.hrm.DataProviderDemo"/>
  <testcase name="test_dp_02" time="0.001" classname="automation.hrm.DataProviderDemo"/>
  <testcase name="test_dp_02" time="0.002" classname="automation.hrm.DataProviderDemo"/>
  <testcase name="test_dp_02" time="0.006" classname="automation.hrm.DataProviderDemo"/>
  <testcase name="test_dp_02" time="0.002" classname="automation.hrm.DataProviderDemo"/>
  <testcase name="test_dp_02" time="0.002" classname="automation.hrm.DataProviderDemo"/>
</testsuite> <!-- Default test -->
