<?xml version="1.0" encoding="UTF-8"?>
<!-- Generated by org.testng.reporters.JUnitXMLReporter -->
<testsuite hostname="KARANAM-PC" ignored="0" name="Test_1_Firefox" tests="3" failures="0" timestamp="24 May 2020 04:28:21 GMT" time="8.546" errors="0">
  <testcase name="open" time="6.36" classname="automation.hrm.LaunchBrowser"/>
  <testcase name="Test_Title" time="0.517" classname="automation.hrm.LaunchBrowser"/>
  <testcase name="closeApp" time="1.618" classname="automation.hrm.LaunchBrowser"/>
</testsuite> <!-- Test_1_Firefox -->
