<?xml version="1.0" encoding="UTF-8"?>
<!-- Generated by org.testng.reporters.JUnitXMLReporter -->
<testsuite hostname="KARANAM-PC" ignored="0" name="Test_2_Chrome" tests="3" failures="0" timestamp="24 May 2020 04:28:28 GMT" time="6.521" errors="0">
  <testcase name="open" time="5.762" classname="automation.hrm.LaunchBrowser"/>
  <testcase name="Test_Title" time="0.61" classname="automation.hrm.LaunchBrowser"/>
  <testcase name="closeApp" time="0.139" classname="automation.hrm.LaunchBrowser"/>
</testsuite> <!-- Test_2_Chrome -->
