<?xml version="1.0" encoding="UTF-8"?>
<testng-results skipped="0" failed="0" ignored="0" total="6" passed="6">
  <reporter-output>
  </reporter-output>
  <suite name="Default suite" duration-ms="15105" started-at="2020-05-24T04:28:13Z" finished-at="2020-05-24T04:28:28Z">
    <groups>
    </groups>
    <test name="Test_1_Firefox" duration-ms="8546" started-at="2020-05-24T04:28:13Z" finished-at="2020-05-24T04:28:21Z">
      <class name="automation.hrm.LaunchBrowser">
        <test-method status="PASS" signature="open(java.lang.String)[pri:0, instance:automation.hrm.LaunchBrowser@224edc67]" name="open" duration-ms="6360" started-at="2020-05-24T04:28:13Z" finished-at="2020-05-24T04:28:19Z">
          <params>
            <param index="0">
              <value>
                <![CDATA[firefox]]>
              </value>
            </param>
          </params>
          <reporter-output>
          </reporter-output>
        </test-method> <!-- open -->
        <test-method status="PASS" signature="Test_Title(java.lang.String)[pri:0, instance:automation.hrm.LaunchBrowser@224edc67]" name="Test_Title" duration-ms="517" started-at="2020-05-24T04:28:19Z" depends-on-methods="automation.hrm.LaunchBrowser.open" finished-at="2020-05-24T04:28:20Z">
          <params>
            <param index="0">
              <value>
                <![CDATA[http://automationlabs.in/]]>
              </value>
            </param>
          </params>
          <reporter-output>
          </reporter-output>
        </test-method> <!-- Test_Title -->
        <test-method status="PASS" signature="closeApp()[pri:0, instance:automation.hrm.LaunchBrowser@224edc67]" name="closeApp" duration-ms="1618" started-at="2020-05-24T04:28:20Z" depends-on-methods="automation.hrm.LaunchBrowser.Test_Title" finished-at="2020-05-24T04:28:21Z">
          <reporter-output>
          </reporter-output>
        </test-method> <!-- closeApp -->
      </class> <!-- automation.hrm.LaunchBrowser -->
    </test> <!-- Test_1_Firefox -->
    <test name="Test_2_Chrome" duration-ms="6521" started-at="2020-05-24T04:28:21Z" finished-at="2020-05-24T04:28:28Z">
      <class name="automation.hrm.LaunchBrowser">
        <test-method status="PASS" signature="open(java.lang.String)[pri:0, instance:automation.hrm.LaunchBrowser@5442a311]" name="open" duration-ms="5762" started-at="2020-05-24T04:28:21Z" finished-at="2020-05-24T04:28:27Z">
          <params>
            <param index="0">
              <value>
                <![CDATA[chrome]]>
              </value>
            </param>
          </params>
          <reporter-output>
          </reporter-output>
        </test-method> <!-- open -->
        <test-method status="PASS" signature="Test_Title(java.lang.String)[pri:0, instance:automation.hrm.LaunchBrowser@5442a311]" name="Test_Title" duration-ms="610" started-at="2020-05-24T04:28:27Z" depends-on-methods="automation.hrm.LaunchBrowser.open" finished-at="2020-05-24T04:28:28Z">
          <params>
            <param index="0">
              <value>
                <![CDATA[http://selenium.automationlabs.in/]]>
              </value>
            </param>
          </params>
          <reporter-output>
          </reporter-output>
        </test-method> <!-- Test_Title -->
        <test-method status="PASS" signature="closeApp()[pri:0, instance:automation.hrm.LaunchBrowser@5442a311]" name="closeApp" duration-ms="139" started-at="2020-05-24T04:28:28Z" depends-on-methods="automation.hrm.LaunchBrowser.Test_Title" finished-at="2020-05-24T04:28:28Z">
          <reporter-output>
          </reporter-output>
        </test-method> <!-- closeApp -->
      </class> <!-- automation.hrm.LaunchBrowser -->
    </test> <!-- Test_2_Chrome -->
  </suite> <!-- Default suite -->
</testng-results>
